<?xml version="1.0" encoding="UTF-8"?>
<testsuite xmlns:xsi="http://www.w3.org/2001/XMLSchema-instance" xsi:noNamespaceSchemaLocation="https://maven.apache.org/surefire/maven-surefire-plugin/xsd/surefire-test-report.xsd" name="testcases.CustomProjectRunner" time="0.141" tests="8" errors="0" skipped="1" failures="0">
  <properties>
[...]
</properties>
  <testcase name="loginTest[0]" classname="testcases.LoginTest" time="0"/>
  <testcase name="loginTest[1]" classname="testcases.LoginTest" time="0"/>
  <testcase name="loginTest[2]" classname="testcases.LoginTest" time="0"/>
  <testcase name="loginTest[3]" classname="testcases.LoginTest" time="0"/>
  <testcase name="test_a_searchForMobile" classname="testcases.ShopMobilePhoneTest" time="0.015"/>
  <testcase name="test_b_selectMobile" classname="testcases.ShopMobilePhoneTest" time="0"/>
  <testcase name="test_c_checkOut" classname="testcases.ShopMobilePhoneTest" time="0">
    <skipped message="got: &lt;false&gt;, expected: is &lt;true&gt;"/>
  </testcase>
  <testcase name="validate" classname="testcases.ValidationsTest" time="0.016"/>
</testsuite>