<?xml version="1.0" encoding="UTF-8" ?>
<testsuite errors="0" failures="0" hostname="LAPTOP-LUAOCDJJ" name="testcases.CustomProjectRunner" skipped="1" tests="8" time="0.135" timestamp="2024-11-05T21:40:35">
  <properties>
[...]
</properties>
  <testcase classname="testcases.LoginTest" name="loginTest[0]" time="0.002" />
  <testcase classname="testcases.LoginTest" name="loginTest[1]" time="0.0" />
  <testcase classname="testcases.LoginTest" name="loginTest[2]" time="0.001" />
  <testcase classname="testcases.LoginTest" name="loginTest[3]" time="0.0" />
  <testcase classname="testcases.ShopMobilePhoneTest" name="test_a_searchForMobile" time="0.0" />
  <testcase classname="testcases.ShopMobilePhoneTest" name="test_b_selectMobile" time="0.0" />
  <testcase classname="testcases.ShopMobilePhoneTest" name="test_c_checkOut" time="0.006">
    <skipped message="got: &lt;false&gt;, expected: is &lt;true&gt;" />
  </testcase>
  <testcase classname="testcases.ValidationsTest" name="validate" time="0.003" />
  <system-out><![CDATA[U1, password, chrome
U2, pass, chrome
U3, password2, edge
U4, password1234, chrome
Searching for mobile Test case
Selecting mobile
Start
End
]]></system-out>
  <system-err><![CDATA[]]></system-err>
</testsuite>
